0 info it worked if it ends with ok
1 verbose cli [ '/usr/local/bin/node',
1 verbose cli   '/usr/local/bin/npm',
1 verbose cli   'version',
1 verbose cli   '1.0.0' ]
2 info using npm@3.10.9
3 info using node@v6.9.2
4 info git [ 'status', '--porcelain' ]
5 info lifecycle simple-splash-cli@1.0.0~preversion: simple-splash-cli@1.0.0
6 silly lifecycle simple-splash-cli@1.0.0~preversion: no script for preversion, continuing
7 verbose version.write data { name: 'simple-splash-cli',
7 verbose version.write   version: '1.0.0',
7 verbose version.write   description: 'Simple SplashCli Tool',
7 verbose version.write   main: 'cli.js',
7 verbose version.write   license: 'MIT',
7 verbose version.write   dependencies:
7 verbose version.write    { chalk: '^1.1.3',
7 verbose version.write      'chili-js': '^1.3.1',
7 verbose version.write      clear: '^0.0.1',
7 verbose version.write      conf: '^0.12.0',
7 verbose version.write      config: '^1.25.1',
7 verbose version.write      'first-run': '^1.2.0',
7 verbose version.write      got: '^6.7.1',
7 verbose version.write      inquirer: '^3.0.6',
7 verbose version.write      meow: '^3.7.0',
7 verbose version.write      mkdirp: '^0.5.1',
7 verbose version.write      'normalize-url': '^1.9.1',
7 verbose version.write      progress: '^1.1.8',
7 verbose version.write      'simple-download': '^0.3.1',
7 verbose version.write      'url-regex': '^4.0.0' },
7 verbose version.write   devDependencies: {},
7 verbose version.write   bin: { simple: './cli.js' } } to package.json
8 info lifecycle simple-splash-cli@1.0.0~version: simple-splash-cli@1.0.0
9 silly lifecycle simple-splash-cli@1.0.0~version: no script for version, continuing
10 info git [ 'add', '/Volumes/Mini/Code/node/clients/simple/package.json' ]
11 verbose stack Error: Command failed: git add /Volumes/Mini/Code/node/clients/simple/package.json
11 verbose stack fatal: Unable to create '/Volumes/Mini/Code/node/clients/simple/.git/index.lock': File exists.
11 verbose stack
11 verbose stack Another git process seems to be running in this repository, e.g.
11 verbose stack an editor opened by 'git commit'. Please make sure all processes
11 verbose stack are terminated then try again. If it still fails, a git process
11 verbose stack may have crashed in this repository earlier:
11 verbose stack remove the file manually to continue.
11 verbose stack
11 verbose stack     at ChildProcess.exithandler (child_process.js:206:12)
11 verbose stack     at emitTwo (events.js:106:13)
11 verbose stack     at ChildProcess.emit (events.js:191:7)
11 verbose stack     at maybeClose (internal/child_process.js:877:16)
11 verbose stack     at Socket.<anonymous> (internal/child_process.js:334:11)
11 verbose stack     at emitOne (events.js:96:13)
11 verbose stack     at Socket.emit (events.js:188:7)
11 verbose stack     at Pipe._handle.close [as _onclose] (net.js:498:12)
12 verbose cwd /Volumes/Mini/Code/node/clients/simple
13 error Darwin 16.4.0
14 error argv "/usr/local/bin/node" "/usr/local/bin/npm" "version" "1.0.0"
15 error node v6.9.2
16 error npm  v3.10.9
17 error code 128
18 error Command failed: git add /Volumes/Mini/Code/node/clients/simple/package.json
18 error fatal: Unable to create '/Volumes/Mini/Code/node/clients/simple/.git/index.lock': File exists.
18 error
18 error Another git process seems to be running in this repository, e.g.
18 error an editor opened by 'git commit'. Please make sure all processes
18 error are terminated then try again. If it still fails, a git process
18 error may have crashed in this repository earlier:
18 error remove the file manually to continue.
19 error If you need help, you may report this error at:
19 error     <https://github.com/npm/npm/issues>
20 verbose exit [ 1, true ]
